  Audio.cpp
  Camera.cpp
  CatmullRom.cpp
C:\Users\Suzu9\Desktop\CG\Coursework\OpenGLTemplate\CatmullRom.cpp(602,54): warning C4267: 'argument': conversion from 'size_t' to 'GLsizei', possible loss of data
C:\Users\Suzu9\Desktop\CG\Coursework\OpenGLTemplate\CatmullRom.cpp(610,58): warning C4267: 'argument': conversion from 'size_t' to 'GLsizei', possible loss of data
C:\Users\Suzu9\Desktop\CG\Coursework\OpenGLTemplate\CatmullRom.cpp(614,59): warning C4267: 'argument': conversion from 'size_t' to 'GLsizei', possible loss of data
C:\Users\Suzu9\Desktop\CG\Coursework\OpenGLTemplate\CatmullRom.cpp(818,59): warning C4267: 'argument': conversion from 'size_t' to 'GLsizei', possible loss of data
C:\Users\Suzu9\Desktop\CG\Coursework\OpenGLTemplate\CatmullRom.cpp(822,60): warning C4267: 'argument': conversion from 'size_t' to 'GLsizei', possible loss of data
  cube.cpp
  Cubemap.cpp
  FreeTypeFont.cpp
C:\Users\Suzu9\Desktop\CG\Coursework\OpenGLTemplate\FreeTypeFont.h(3,10): fatal error C1083: Cannot open include file: 'ft2build.h': No such file or directory
  Game.cpp
C:\Users\Suzu9\Desktop\CG\Coursework\OpenGLTemplate\FreeTypeFont.h(3,10): fatal error C1083: Cannot open include file: 'ft2build.h': No such file or directory
  GameWindow.cpp
  Rectangle.cpp
  HighResolutionTimer.cpp
  MatrixStack.cpp
  OpenAssetImportMesh.cpp
C:\Users\Suzu9\Desktop\CG\Coursework\OpenGLTemplate\OpenAssetImportMesh.h(26,10): fatal error C1083: Cannot open include file: 'Importer.hpp': No such file or directory
  Pentahedron.cpp
  Plane.cpp
  Road.cpp
C:\Users\Suzu9\Desktop\CG\Coursework\OpenGLTemplate\Road.cpp(306,54): warning C4267: 'argument': conversion from 'size_t' to 'GLsizei', possible loss of data
C:\Users\Suzu9\Desktop\CG\Coursework\OpenGLTemplate\Road.cpp(315,58): warning C4267: 'argument': conversion from 'size_t' to 'GLsizei', possible loss of data
C:\Users\Suzu9\Desktop\CG\Coursework\OpenGLTemplate\Road.cpp(319,59): warning C4267: 'argument': conversion from 'size_t' to 'GLsizei', possible loss of data
  Shaders.cpp
  Skybox.cpp
  Sphere.cpp
  Texture.cpp
  VertexBufferObject.cpp
  Compiling...
  VertexBufferObjectIndexed.cpp
